The target system is: Generic - 3.4.99 - x86
The host system is: Linux - 6.2.0-26-generic - x86_64
Compiling the C compiler identification source file "CMakeCCompilerId.c" succeeded.
Compiler: /home/arun/zephyr-sdk-0.16.1/x86_64-zephyr-elf/bin/x86_64-zephyr-elf-gcc 
Build flags: -m64;
Id flags:  

The output was:
0
/home/arun/zephyr-sdk-0.16.1/x86_64-zephyr-elf/bin/../lib/gcc/x86_64-zephyr-elf/12.2.0/../../../../x86_64-zephyr-elf/bin/ld: warning: cannot find entry symbol _start; defaulting to 00000000004000b0


Compilation of the C compiler identification source "CMakeCCompilerId.c" produced "a.out"

The C compiler identification is GNU, found in "/home/arun/zephyrproject/zephyr/samples/modules/tflite-micro/mnist/build/CMakeFiles/3.21.1/CompilerIdC/a.out"

Compiling the CXX compiler identification source file "CMakeCXXCompilerId.cpp" succeeded.
Compiler: /home/arun/zephyr-sdk-0.16.1/x86_64-zephyr-elf/bin/x86_64-zephyr-elf-g++ 
Build flags: -m64;
Id flags:  

The output was:
0
/home/arun/zephyr-sdk-0.16.1/x86_64-zephyr-elf/bin/../lib/gcc/x86_64-zephyr-elf/12.2.0/../../../../x86_64-zephyr-elf/bin/ld: warning: cannot find entry symbol _start; defaulting to 00000000004000b0


Compilation of the CXX compiler identification source "CMakeCXXCompilerId.cpp" produced "a.out"

The CXX compiler identification is GNU, found in "/home/arun/zephyrproject/zephyr/samples/modules/tflite-micro/mnist/build/CMakeFiles/3.21.1/CompilerIdCXX/a.out"

Checking whether the ASM compiler is GNU using "--version" matched "(GNU assembler)|(GCC)|(Free Software Foundation)":
x86_64-zephyr-elf-gcc (Zephyr SDK 0.16.1) 12.2.0
Copyright (C) 2022 Free Software Foundation, Inc.
This is free software; see the source for copying conditions.  There is NO
warranty; not even for MERCHANTABILITY or FITNESS FOR A PARTICULAR PURPOSE.

Performing C SOURCE FILE Test check_fmacro_prefix_map__home_arun_zephyrproject_zephyr_samples_modules_tflite_micro_mnist_CMAKE_SOURCE_DIR_C__nostartfiles__nostdlib__isystem___home_arun_zephyr_sdk_0_16_1_x86_64_zephyr_elf_bin____lib_gcc_x86_64_zephyr_elf_12_2_0_include___isystem___home_arun_zephyr_sdk_0_16_1_x86_64_zephyr_elf_bin____lib_gcc_x86_64_zephyr_elf_12_2_0_include_fixed___Wl___unresolved_symbols_ignore_in_object_files__Wl___entry_0 succeeded with the following output:
Change Dir: /home/arun/zephyrproject/zephyr/samples/modules/tflite-micro/mnist/build/CMakeFiles/CMakeTmp

Run Build Command(s):/usr/bin/ninja cmTC_26c28 && [1/2] Building C object CMakeFiles/cmTC_26c28.dir/src.c.obj
[2/2] Linking C executable cmTC_26c28


Source file was:
int main(void) { return 0; }
Performing C++ SOURCE FILE Test check_fmacro_prefix_map__home_arun_zephyrproject_zephyr_samples_modules_tflite_micro_mnist_CMAKE_SOURCE_DIR_CXX__nostartfiles__nostdlib__isystem___home_arun_zephyr_sdk_0_16_1_x86_64_zephyr_elf_bin____lib_gcc_x86_64_zephyr_elf_12_2_0_include___isystem___home_arun_zephyr_sdk_0_16_1_x86_64_zephyr_elf_bin____lib_gcc_x86_64_zephyr_elf_12_2_0_include_fixed___Wl___unresolved_symbols_ignore_in_object_files__Wl___entry_0 succeeded with the following output:
Change Dir: /home/arun/zephyrproject/zephyr/samples/modules/tflite-micro/mnist/build/CMakeFiles/CMakeTmp

Run Build Command(s):/usr/bin/ninja cmTC_2c4a6 && [1/2] Building CXX object CMakeFiles/cmTC_2c4a6.dir/src.cxx.obj
[2/2] Linking CXX executable cmTC_2c4a6


Source file was:
int main() { return 0; }
